<?xml version="1.0" encoding="UTF-8"?>
<!-- Generated by org.testng.reporters.JUnitReportReporter -->
<testsuite hostname="admin-PC" failures="0" tests="3" name="seleniumDemo.DriverClass" time="26.042" errors="0" timestamp="2019-12-14T17:22:11 IST" skipped="0">
  <testcase classname="seleniumDemo.DriverClass" name="driverMethod" time="9.693"/>
  <testcase classname="seleniumDemo.DriverClass" name="driverMethod" time="8.288"/>
  <testcase classname="seleniumDemo.DriverClass" name="driverMethod" time="8.061"/>
</testsuite> <!-- seleniumDemo.DriverClass -->
