<?xml version="1.0" encoding="UTF-8"?>
<!-- Generated by org.testng.reporters.JUnitReportReporter -->
<testsuite hostname="admin-PC" failures="0" tests="3" name="testNG.TestngD" time="8.065" errors="0" timestamp="2019-12-25T13:06:30 IST" skipped="0">
  <testcase classname="testNG.TestngD" name="contactUs" time="4.083"/>
  <testcase classname="testNG.TestngD" name="contactUs" time="2.106"/>
  <testcase classname="testNG.TestngD" name="contactUs" time="1.876"/>
</testsuite> <!-- testNG.TestngD -->
